<?xml version="1.0" encoding="UTF-8"?>
<testng-results ignored="0" total="2" passed="2" failed="0" skipped="0">
  <reporter-output>
  </reporter-output>
  <suite started-at="2022-03-28T14:42:58 IST" name="Default suite" finished-at="2022-03-28T14:42:58 IST" duration-ms="80">
    <groups>
    </groups>
    <test started-at="2022-03-28T14:42:58 IST" name="Default test" finished-at="2022-03-28T14:42:58 IST" duration-ms="80">
      <class name="com.crm.camScannerTestScripts.CreateLeadTest">
        <test-method signature="createLead()[pri:0, instance:com.crm.camScannerTestScripts.CreateLeadTest@1b6e1eff]" started-at="2022-03-28T14:42:58 IST" name="createLead" finished-at="2022-03-28T14:42:58 IST" duration-ms="14" status="PASS">
          <reporter-output>
          </reporter-output>
        </test-method> <!-- createLead -->
        <test-method signature="updateLead()[pri:0, instance:com.crm.camScannerTestScripts.CreateLeadTest@1b6e1eff]" started-at="2022-03-28T14:42:58 IST" name="updateLead" finished-at="2022-03-28T14:42:58 IST" duration-ms="4" status="PASS">
          <reporter-output>
          </reporter-output>
        </test-method> <!-- updateLead -->
      </class> <!-- com.crm.camScannerTestScripts.CreateLeadTest -->
    </test> <!-- Default test -->
  </suite> <!-- Default suite -->
</testng-results>
